nohup: ignoring input
Processing: RD_Radio52_000
ref: RD_Radio52_000 | 프레임: 2750
audio1: eng_audio
audio2: RD_Radio5_000
[ref 인덱스] ExpA ref1=2619 ref2=456 ExpB/C=102
/home/jiweon/.conda/envs/adlip/lib/python3.10/site-packages/huggingface_hub/utils/_validators.py:205: UserWarning: The `local_dir_use_symlinks` argument is deprecated and ignored in `hf_hub_download`. Downloading to a local directory does not use symlinks anymore.
  warnings.warn(
Warning: You are sending unauthenticated requests to the HF Hub. Please set a HF_TOKEN to enable higher rate limits and faster downloads.
모델 로드 완료: /home/jiweon/projects/ADLip2/results/G2_best.pt
/home/jiweon/.conda/envs/adlip/lib/python3.10/site-packages/torchvision/models/_utils.py:208: UserWarning: The parameter 'pretrained' is deprecated since 0.13 and may be removed in the future, please use 'weights' instead.
  warnings.warn(
/home/jiweon/.conda/envs/adlip/lib/python3.10/site-packages/torchvision/models/_utils.py:223: UserWarning: Arguments other than a weight enum or `None` for 'weights' are deprecated since 0.13 and may be removed in the future. The current behavior is equivalent to passing `weights=None`.
  warnings.warn(msg)
GFPGAN 로드 완료
ref VAE encode 중...
z_ref: torch.Size([2750, 4, 12, 12])

[Simple] ref=RD_Radio52_000 audio=eng_audio
saved: out_simple.mp4

완료: /media/HDD/jiweon/inference/G2/RD_Radio52_000
Done: RD_Radio52_000
Processing: RD_Radio49_000
ref: RD_Radio49_000 | 프레임: 1500
audio1: eng_audio
audio2: RD_Radio5_000
[ref 인덱스] ExpA ref1=1309 ref2=228 ExpB/C=51
/home/jiweon/.conda/envs/adlip/lib/python3.10/site-packages/huggingface_hub/utils/_validators.py:205: UserWarning: The `local_dir_use_symlinks` argument is deprecated and ignored in `hf_hub_download`. Downloading to a local directory does not use symlinks anymore.
  warnings.warn(
Warning: You are sending unauthenticated requests to the HF Hub. Please set a HF_TOKEN to enable higher rate limits and faster downloads.
모델 로드 완료: /home/jiweon/projects/ADLip2/results/G2_best.pt
/home/jiweon/.conda/envs/adlip/lib/python3.10/site-packages/torchvision/models/_utils.py:208: UserWarning: The parameter 'pretrained' is deprecated since 0.13 and may be removed in the future, please use 'weights' instead.
  warnings.warn(
/home/jiweon/.conda/envs/adlip/lib/python3.10/site-packages/torchvision/models/_utils.py:223: UserWarning: Arguments other than a weight enum or `None` for 'weights' are deprecated since 0.13 and may be removed in the future. The current behavior is equivalent to passing `weights=None`.
  warnings.warn(msg)
GFPGAN 로드 완료
ref VAE encode 중...
z_ref: torch.Size([1500, 4, 12, 12])

[Simple] ref=RD_Radio49_000 audio=eng_audio
saved: out_simple.mp4

완료: /media/HDD/jiweon/inference/G2/RD_Radio49_000
Done: RD_Radio49_000
Processing: WDA_LloydDoggett0_000
ref: WDA_LloydDoggett0_000 | 프레임: 7375
audio1: eng_audio
audio2: RD_Radio5_000
[ref 인덱스] ExpA ref1=5238 ref2=912 ExpB/C=204
/home/jiweon/.conda/envs/adlip/lib/python3.10/site-packages/huggingface_hub/utils/_validators.py:205: UserWarning: The `local_dir_use_symlinks` argument is deprecated and ignored in `hf_hub_download`. Downloading to a local directory does not use symlinks anymore.
  warnings.warn(
모델 로드 완료: /home/jiweon/projects/ADLip2/results/G2_best.pt
/home/jiweon/.conda/envs/adlip/lib/python3.10/site-packages/torchvision/models/_utils.py:208: UserWarning: The parameter 'pretrained' is deprecated since 0.13 and may be removed in the future, please use 'weights' instead.
  warnings.warn(
/home/jiweon/.conda/envs/adlip/lib/python3.10/site-packages/torchvision/models/_utils.py:223: UserWarning: Arguments other than a weight enum or `None` for 'weights' are deprecated since 0.13 and may be removed in the future. The current behavior is equivalent to passing `weights=None`.
  warnings.warn(msg)
GFPGAN 로드 완료
ref VAE encode 중...
z_ref: torch.Size([7375, 4, 12, 12])

[Simple] ref=WDA_LloydDoggett0_000 audio=eng_audio
saved: out_simple.mp4

완료: /media/HDD/jiweon/inference/G2/WDA_LloydDoggett0_000
Done: WDA_LloydDoggett0_000
Processing: WDA_NancyPelosi0_000
ref: WDA_NancyPelosi0_000 | 프레임: 10250
audio1: eng_audio
audio2: RD_Radio5_000
[ref 인덱스] ExpA ref1=1824 ref2=409 ExpB/C=4506
/home/jiweon/.conda/envs/adlip/lib/python3.10/site-packages/huggingface_hub/utils/_validators.py:205: UserWarning: The `local_dir_use_symlinks` argument is deprecated and ignored in `hf_hub_download`. Downloading to a local directory does not use symlinks anymore.
  warnings.warn(
Warning: You are sending unauthenticated requests to the HF Hub. Please set a HF_TOKEN to enable higher rate limits and faster downloads.
모델 로드 완료: /home/jiweon/projects/ADLip2/results/G2_best.pt
/home/jiweon/.conda/envs/adlip/lib/python3.10/site-packages/torchvision/models/_utils.py:208: UserWarning: The parameter 'pretrained' is deprecated since 0.13 and may be removed in the future, please use 'weights' instead.
  warnings.warn(
/home/jiweon/.conda/envs/adlip/lib/python3.10/site-packages/torchvision/models/_utils.py:223: UserWarning: Arguments other than a weight enum or `None` for 'weights' are deprecated since 0.13 and may be removed in the future. The current behavior is equivalent to passing `weights=None`.
  warnings.warn(msg)
GFPGAN 로드 완료
ref VAE encode 중...
z_ref: torch.Size([10250, 4, 12, 12])

[Simple] ref=WDA_NancyPelosi0_000 audio=eng_audio
saved: out_simple.mp4

완료: /media/HDD/jiweon/inference/G2/WDA_NancyPelosi0_000
Done: WDA_NancyPelosi0_000
Processing: WRA_TomCotton_000
ref: WRA_TomCotton_000 | 프레임: 1875
audio1: eng_audio
audio2: RD_Radio5_000
[ref 인덱스] ExpA ref1=1309 ref2=228 ExpB/C=51
/home/jiweon/.conda/envs/adlip/lib/python3.10/site-packages/huggingface_hub/utils/_validators.py:205: UserWarning: The `local_dir_use_symlinks` argument is deprecated and ignored in `hf_hub_download`. Downloading to a local directory does not use symlinks anymore.
  warnings.warn(
모델 로드 완료: /home/jiweon/projects/ADLip2/results/G2_best.pt
/home/jiweon/.conda/envs/adlip/lib/python3.10/site-packages/torchvision/models/_utils.py:208: UserWarning: The parameter 'pretrained' is deprecated since 0.13 and may be removed in the future, please use 'weights' instead.
  warnings.warn(
/home/jiweon/.conda/envs/adlip/lib/python3.10/site-packages/torchvision/models/_utils.py:223: UserWarning: Arguments other than a weight enum or `None` for 'weights' are deprecated since 0.13 and may be removed in the future. The current behavior is equivalent to passing `weights=None`.
  warnings.warn(msg)
GFPGAN 로드 완료
ref VAE encode 중...
z_ref: torch.Size([1875, 4, 12, 12])

[Simple] ref=WRA_TomCotton_000 audio=eng_audio
saved: out_simple.mp4

완료: /media/HDD/jiweon/inference/G2/WRA_TomCotton_000
Done: WRA_TomCotton_000
Processing: WDA_MikeDoyle_000
ref: WDA_MikeDoyle_000 | 프레임: 8750
audio1: eng_audio
audio2: RD_Radio5_000
[ref 인덱스] ExpA ref1=1824 ref2=409 ExpB/C=4506
/home/jiweon/.conda/envs/adlip/lib/python3.10/site-packages/huggingface_hub/utils/_validators.py:205: UserWarning: The `local_dir_use_symlinks` argument is deprecated and ignored in `hf_hub_download`. Downloading to a local directory does not use symlinks anymore.
  warnings.warn(
Warning: You are sending unauthenticated requests to the HF Hub. Please set a HF_TOKEN to enable higher rate limits and faster downloads.
모델 로드 완료: /home/jiweon/projects/ADLip2/results/G2_best.pt
/home/jiweon/.conda/envs/adlip/lib/python3.10/site-packages/torchvision/models/_utils.py:208: UserWarning: The parameter 'pretrained' is deprecated since 0.13 and may be removed in the future, please use 'weights' instead.
  warnings.warn(
/home/jiweon/.conda/envs/adlip/lib/python3.10/site-packages/torchvision/models/_utils.py:223: UserWarning: Arguments other than a weight enum or `None` for 'weights' are deprecated since 0.13 and may be removed in the future. The current behavior is equivalent to passing `weights=None`.
  warnings.warn(msg)
GFPGAN 로드 완료
ref VAE encode 중...
z_ref: torch.Size([8750, 4, 12, 12])

[Simple] ref=WDA_MikeDoyle_000 audio=eng_audio
saved: out_simple.mp4

완료: /media/HDD/jiweon/inference/G2/WDA_MikeDoyle_000
Done: WDA_MikeDoyle_000
Processing: WDA_KatieHill_000
ref: WDA_KatieHill_000 | 프레임: 4875
audio1: eng_audio
audio2: RD_Radio5_000
[ref 인덱스] ExpA ref1=912 ref2=204 ExpB/C=2253
/home/jiweon/.conda/envs/adlip/lib/python3.10/site-packages/huggingface_hub/utils/_validators.py:205: UserWarning: The `local_dir_use_symlinks` argument is deprecated and ignored in `hf_hub_download`. Downloading to a local directory does not use symlinks anymore.
  warnings.warn(
Warning: You are sending unauthenticated requests to the HF Hub. Please set a HF_TOKEN to enable higher rate limits and faster downloads.
모델 로드 완료: /home/jiweon/projects/ADLip2/results/G2_best.pt
/home/jiweon/.conda/envs/adlip/lib/python3.10/site-packages/torchvision/models/_utils.py:208: UserWarning: The parameter 'pretrained' is deprecated since 0.13 and may be removed in the future, please use 'weights' instead.
  warnings.warn(
/home/jiweon/.conda/envs/adlip/lib/python3.10/site-packages/torchvision/models/_utils.py:223: UserWarning: Arguments other than a weight enum or `None` for 'weights' are deprecated since 0.13 and may be removed in the future. The current behavior is equivalent to passing `weights=None`.
  warnings.warn(msg)
GFPGAN 로드 완료
ref VAE encode 중...
z_ref: torch.Size([4875, 4, 12, 12])

[Simple] ref=WDA_KatieHill_000 audio=eng_audio
Terminated
Done: WDA_KatieHill_000
Processing: RD_Radio59_000
ref: RD_Radio59_000 | 프레임: 1950
audio1: eng_audio
audio2: RD_Radio5_000
[ref 인덱스] ExpA ref1=1309 ref2=228 ExpB/C=51
/home/jiweon/.conda/envs/adlip/lib/python3.10/site-packages/huggingface_hub/utils/_validators.py:205: UserWarning: The `local_dir_use_symlinks` argument is deprecated and ignored in `hf_hub_download`. Downloading to a local directory does not use symlinks anymore.
  warnings.warn(
Warning: You are sending unauthenticated requests to the HF Hub. Please set a HF_TOKEN to enable higher rate limits and faster downloads.
모델 로드 완료: /home/jiweon/projects/ADLip2/results/G2_best.pt
/home/jiweon/.conda/envs/adlip/lib/python3.10/site-packages/torchvision/models/_utils.py:208: UserWarning: The parameter 'pretrained' is deprecated since 0.13 and may be removed in the future, please use 'weights' instead.
  warnings.warn(
/home/jiweon/.conda/envs/adlip/lib/python3.10/site-packages/torchvision/models/_utils.py:223: UserWarning: Arguments other than a weight enum or `None` for 'weights' are deprecated since 0.13 and may be removed in the future. The current behavior is equivalent to passing `weights=None`.
  warnings.warn(msg)
GFPGAN 로드 완료
ref VAE encode 중...
z_ref: torch.Size([1950, 4, 12, 12])

[Simple] ref=RD_Radio59_000 audio=eng_audio
